<?xml version="1.0" encoding="UTF-8"?>
<!-- Generated by org.testng.reporters.JUnitReportReporter -->
<testsuite hostname="DESKTOP-3RTNBU8" failures="0" tests="1" name="com.mmt.qa.test.Search_Flights_Test" time="28.290" errors="0" timestamp="20 Jun 2020 10:20:08 GMT">
  <testcase classname="com.mmt.qa.test.Search_Flights_Test" name="validateSearchFlightTest" time="28.290"/>
</testsuite> <!-- com.mmt.qa.test.Search_Flights_Test -->
